<?xml version="1.0" encoding="UTF-8" ?>
<testsuite errors="1" failures="0" hostname="BMCCARTY-LAPTOP" name="com.portfolio.rest.TestPortfolioAdvisor" skipped="0" tests="1" time="0.104" timestamp="2020-03-23T05:30:31">
  <properties>
[...]
</properties>
  <testcase classname="com.portfolio.rest.TestPortfolioAdvisor" name="initializationError" time="0.005">
    <error message="Invalid test class &apos;com.portfolio.rest.TestPortfolioAdvisor&apos;:&#xa;  1. No runnable methods" type="org.junit.runners.model.InvalidTestClassError">org.junit.runners.model.InvalidTestClassError: Invalid test class &apos;com.portfolio.rest.TestPortfolioAdvisor&apos;:
  1. No runnable methods
	at java.lang.reflect.Constructor.newInstance(Unknown Source)
</error>
  </testcase>
  <system-out><![CDATA[]]></system-out>
  <system-err><![CDATA[]]></system-err>
</testsuite>
